[35m[Appium][39m Available drivers:
[35m[Appium][39m   - uiautomator2@2.12.6 (automationName 'UiAutomator2')
[35m[Appium][39m No plugins have been installed. Use the "appium plugin" command to install the one(s) you want to use.
[38;5;0m[HTTP][0m [37m-->[39m [37mPOST[39m [37m/session[39m
[38;5;0m[HTTP][0m [90m{"capabilities":{"alwaysMatch":{"platformName":"Android","appium:automationName":"UiAutomator2","appium:deviceName":"APANDI","appium:platformVersion":"11.0","appium:app":"C:\\Users\\Nia Yusniati\\API Sanber\\Final\\Mobile-Automation-with-Appium-and-Web.-Io\\test\\apk\\Diet_meal.apk","appium:appPackage":"com.fghilmany.dietmealapp","appium:appActivity":"com.fghilmany.dietmealapp.ui.main.MainActivity","appium:noReset":true,"appium:forceAppLaunch":true},"firstMatch":[{}]},"desiredCapabilities":{"platformName":"Android","appium:automationName":"UiAutomator2","appium:deviceName":"APANDI","appium:platformVersion":"11.0","appium:app":"C:\\Users\\Nia Yusniati\\API Sanber\\Final\\Mobile-Automation-with-Appium-and-Web.-Io\\test\\apk\\Diet_meal.apk","appium:appPackage":"com.fghilmany.dietmealapp","appium:appActivity":"com.fghilmany.dietmealapp.ui.main.MainActivity","appium:noReset":true,"appium:forceAppLaunch":true}}[39m
[debug] [38;5;16m[AppiumDriver@f6bf][0m Calling AppiumDriver.createSession() with args: [{"platformName":"Android","appium:automationName":"UiAutomator2","appium:deviceName":"APANDI","appium:platformVersion":"11.0","appium:app":"C:\\Users\\Nia Yusniati\\API Sanber\\Final\\Mobile-Automation-with-Appium-and-Web.-Io\\test\\apk\\Diet_meal.apk","appium:appPackage":"com.fghilmany.dietmealapp","appium:appActivity":"com.fghilmany.dietmealapp.ui.main.MainActivity","appium:noReset":true,"appium:forceAppLaunch":true},null,{"alwaysMatch":{"platformName":"Android","appium:automationName":"UiAutomator2","appium:deviceName":"APANDI","appium:platformVersion":"11.0","appium:app":"C:\\Users\\Nia Yusniati\\API Sanber\\Final\\Mobile-Automation-with-Appium-and-Web.-Io\\test\\apk\\Diet_meal.apk","appium:appPackage":"com.fghilmany.dietmealapp","appium:appActivity":"com.fghilmany.dietmealapp.ui.main.MainActivity","appium:noReset":true,"appium:forceAppLaunch":true},"firstMatch":[{}]}]
[debug] [38;5;16m[AppiumDriver@f6bf][0m Event 'newSessionRequested' logged at 1677417002195 (20:10:02 GMT+0700 (Indochina Time))
[35m[Appium][39m Attempting to find matching driver for automationName 'UiAutomator2' and platformName 'Android'
[35m[Appium][39m The 'uiautomator2' driver was installed and matched caps.
[35m[Appium][39m Will require it at C:/Users/Nia Yusniati/API Sanber/Final/Mobile-Automation-with-Appium-and-Web.-Io/node_modules/appium-uiautomator2-driver
[debug] [35m[Appium][39m Requiring driver at C:/Users/Nia Yusniati/API Sanber/Final/Mobile-Automation-with-Appium-and-Web.-Io/node_modules/appium-uiautomator2-driver
[38;5;16m[AppiumDriver@f6bf][0m Appium v2.0.0-beta.56 creating new AndroidUiautomator2Driver (v2.12.6) session
[38;5;16m[AppiumDriver@f6bf][0m Checking BaseDriver versions for Appium and AndroidUiautomator2Driver
[38;5;16m[AppiumDriver@f6bf][0m Appium's BaseDriver version is 9.3.2
[38;5;16m[AppiumDriver@f6bf][0m AndroidUiautomator2Driver's BaseDriver version is 9.3.2
[debug] [38;5;32m[AndroidUiautomator2Driver@fde1][0m Creating session with W3C capabilities: {
[debug] [38;5;32m[AndroidUiautomator2Driver@fde1][0m   "alwaysMatch": {
[debug] [38;5;32m[AndroidUiautomator2Driver@fde1][0m     "platformName": "Android",
[debug] [38;5;32m[AndroidUiautomator2Driver@fde1][0m     "appium:automationName": "UiAutomator2",
[debug] [38;5;32m[AndroidUiautomator2Driver@fde1][0m     "appium:deviceName": "APANDI",
[debug] [38;5;32m[AndroidUiautomator2Driver@fde1][0m     "appium:platformVersion": "11.0",
[debug] [38;5;32m[AndroidUiautomator2Driver@fde1][0m     "appium:app": "C:\\Users\\Nia Yusniati\\API Sanber\\Final\\Mobile-Automation-with-Appium-and-Web.-Io\\test\\apk\\Diet_meal.apk",
[debug] [38;5;32m[AndroidUiautomator2Driver@fde1][0m     "appium:appPackage": "com.fghilmany.dietmealapp",
[debug] [38;5;32m[AndroidUiautomator2Driver@fde1][0m     "appium:appActivity": "com.fghilmany.dietmealapp.ui.main.MainActivity",
[debug] [38;5;32m[AndroidUiautomator2Driver@fde1][0m     "appium:noReset": true,
[debug] [38;5;32m[AndroidUiautomator2Driver@fde1][0m     "appium:forceAppLaunch": true
[debug] [38;5;32m[AndroidUiautomator2Driver@fde1][0m   },
[debug] [38;5;32m[AndroidUiautomator2Driver@fde1][0m   "firstMatch": [
[debug] [38;5;32m[AndroidUiautomator2Driver@fde1][0m     {}
[debug] [38;5;32m[AndroidUiautomator2Driver@fde1][0m   ]
[debug] [38;5;32m[AndroidUiautomator2Driver@fde1][0m }
[38;5;32m[AndroidUiautomator2Driver@fde1 (b73ebad1)][0m Session created with session id: b73ebad1-b33f-4c68-863a-7530ed486c1c
[38;5;48m[BaseDriver][0m Using local app 'C:\Users\Nia Yusniati\API Sanber\Final\Mobile-Automation-with-Appium-and-Web.-Io\test\apk\Diet_meal.apk'
[debug] [38;5;32m[AndroidUiautomator2Driver@fde1 (b73ebad1)][0m Checking whether app is actually present
[38;5;64m[ADB][0m Found 2 'build-tools' folders under 'C:\Users\Nia Yusniati\AppData\Local\Android\Sdk' (newest first):
[38;5;64m[ADB][0m     C:/Users/Nia Yusniati/AppData/Local/Android/Sdk/build-tools/33.0.0
[38;5;64m[ADB][0m     C:/Users/Nia Yusniati/AppData/Local/Android/Sdk/build-tools/30.0.3
[38;5;64m[ADB][0m Using 'adb.exe' from 'C:\Users\Nia Yusniati\AppData\Local\Android\Sdk\platform-tools\adb.exe'
[debug] [38;5;64m[ADB][0m Running 'C:\Users\Nia Yusniati\AppData\Local\Android\Sdk\platform-tools\adb.exe -P 5037 start-server'
[38;5;80m[AndroidDriver][0m Retrieving device list
[debug] [38;5;64m[ADB][0m Trying to find a connected android device
[debug] [38;5;64m[ADB][0m Getting connected devices
[debug] [38;5;64m[ADB][0m Connected devices: [{"udid":"RR8N605F11Y","state":"device"}]
[38;5;80m[AndroidDriver][0m Looking for a device with Android '11.0.0'
[debug] [38;5;64m[ADB][0m Setting device id to RR8N605F11Y
[38;5;64m[ADB][0m Getting device platform version
[debug] [38;5;64m[ADB][0m Running 'C:\Users\Nia Yusniati\AppData\Local\Android\Sdk\platform-tools\adb.exe -P 5037 -s RR8N605F11Y shell getprop ro.build.version.release'
[debug] [38;5;64m[ADB][0m Current device property 'ro.build.version.release': 11
[38;5;80m[AndroidDriver][0m Using device: RR8N605F11Y
[38;5;64m[ADB][0m Using 'adb.exe' from 'C:\Users\Nia Yusniati\AppData\Local\Android\Sdk\platform-tools\adb.exe'
[debug] [38;5;64m[ADB][0m Running 'C:\Users\Nia Yusniati\AppData\Local\Android\Sdk\platform-tools\adb.exe -P 5037 start-server'
[debug] [38;5;64m[ADB][0m Setting device id to RR8N605F11Y
[debug] [38;5;64m[ADB][0m Running 'C:\Users\Nia Yusniati\AppData\Local\Android\Sdk\platform-tools\adb.exe -P 5037 -s RR8N605F11Y shell getprop ro.build.version.sdk'
[debug] [38;5;64m[ADB][0m Current device property 'ro.build.version.sdk': 30
[38;5;64m[ADB][0m Getting device platform version
[debug] [38;5;64m[ADB][0m Running 'C:\Users\Nia Yusniati\AppData\Local\Android\Sdk\platform-tools\adb.exe -P 5037 -s RR8N605F11Y shell getprop ro.build.version.release'
[debug] [38;5;64m[ADB][0m Current device property 'ro.build.version.release': 11
[debug] [38;5;64m[ADB][0m Device API level: 30
[38;5;32m[AndroidUiautomator2Driver@fde1 (b73ebad1)][0m Relaxing hidden api policy
[debug] [38;5;64m[ADB][0m Running 'C:\Users\Nia Yusniati\AppData\Local\Android\Sdk\platform-tools\adb.exe -P 5037 -s RR8N605F11Y shell 'settings put global hidden_api_policy_pre_p_apps 1;settings put global hidden_api_policy_p_apps 1;settings put global hidden_api_policy 1''
[debug] [38;5;64m[ADB][0m Running 'C:\Users\Nia Yusniati\AppData\Local\Android\Sdk\platform-tools\adb.exe -P 5037 -s RR8N605F11Y wait-for-device'
[debug] [38;5;64m[ADB][0m Running 'C:\Users\Nia Yusniati\AppData\Local\Android\Sdk\platform-tools\adb.exe -P 5037 -s RR8N605F11Y shell echo ping'
[debug] [38;5;80m[AndroidDriver][0m Pushing settings apk to device...
[debug] [38;5;64m[ADB][0m Getting install status for io.appium.settings
[debug] [38;5;64m[ADB][0m Running 'C:\Users\Nia Yusniati\AppData\Local\Android\Sdk\platform-tools\adb.exe -P 5037 -s RR8N605F11Y shell dumpsys package io.appium.settings'
[debug] [38;5;64m[ADB][0m 'io.appium.settings' is installed
[debug] [38;5;64m[ADB][0m Getting package info for 'io.appium.settings'
[debug] [38;5;64m[ADB][0m Running 'C:\Users\Nia Yusniati\AppData\Local\Android\Sdk\platform-tools\adb.exe -P 5037 -s RR8N605F11Y shell dumpsys package io.appium.settings'
[debug] [38;5;64m[ADB][0m The version name of the installed 'io.appium.settings' is greater or equal to the application version name ('5.0.3' >= '5.0.3')
[debug] [38;5;64m[ADB][0m There is no need to install/upgrade 'C:\Users\Nia Yusniati\API Sanber\Final\Mobile-Automation-with-Appium-and-Web.-Io\node_modules\appium-uiautomator2-driver\node_modules\io.appium.settings\apks\settings_apk-debug.apk'
[debug] [38;5;64m[ADB][0m Getting IDs of all 'io.appium.settings' processes
[debug] [38;5;64m[ADB][0m Running 'C:\Users\Nia Yusniati\AppData\Local\Android\Sdk\platform-tools\adb.exe -P 5037 -s RR8N605F11Y shell 'pgrep --help; echo $?''
[debug] [38;5;64m[ADB][0m Running 'C:\Users\Nia Yusniati\AppData\Local\Android\Sdk\platform-tools\adb.exe -P 5037 -s RR8N605F11Y shell pgrep -f \(\[\[:blank:\]\]\|\^\)io\.appium\.settings\(\[\[:blank:\]\]\|\$\)'
[debug] [38;5;80m[AndroidDriver][0m io.appium.settings is already running. There is no need to reset its permissions.
[debug] [38;5;64m[ADB][0m Running 'C:\Users\Nia Yusniati\AppData\Local\Android\Sdk\platform-tools\adb.exe -P 5037 -s RR8N605F11Y shell appops set io.appium.settings android:mock_location allow'
[debug] [38;5;64m[ADB][0m Running 'C:\Users\Nia Yusniati\AppData\Local\Android\Sdk\platform-tools\adb.exe -P 5037 -s RR8N605F11Y shell "[ -e '/data/local/tmp/mock_apps.json' ] && echo __PASS__"'
[debug] [38;5;64m[ADB][0m Running 'C:\Users\Nia Yusniati\AppData\Local\Android\Sdk\platform-tools\adb.exe -P 5037 -s RR8N605F11Y shell cat /data/local/tmp/mock_apps.json'
[debug] [38;5;96m[Logcat][0m Starting logs capture with command: 'C:\\Users\\Nia Yusniati\\AppData\\Local\\Android\\Sdk\\platform-tools\\adb.exe' -P 5037 -s RR8N605F11Y logcat -v threadtime
[debug] [38;5;32m[AndroidUiautomator2Driver@fde1 (b73ebad1)][0m Forwarding UiAutomator2 Server port 6790 to local port 8200
[debug] [38;5;64m[ADB][0m Forwarding system: 8200 to device: 6790
[debug] [38;5;64m[ADB][0m Running 'C:\Users\Nia Yusniati\AppData\Local\Android\Sdk\platform-tools\adb.exe -P 5037 -s RR8N605F11Y forward tcp:8200 tcp:6790'
[debug] [38;5;64m[ADB][0m Getting install status for io.appium.uiautomator2.server
[debug] [38;5;64m[ADB][0m Running 'C:\Users\Nia Yusniati\AppData\Local\Android\Sdk\platform-tools\adb.exe -P 5037 -s RR8N605F11Y shell dumpsys package io.appium.uiautomator2.server'
[debug] [38;5;64m[ADB][0m 'io.appium.uiautomator2.server' is installed
[debug] [38;5;64m[ADB][0m Getting package info for 'io.appium.uiautomator2.server'
[debug] [38;5;64m[ADB][0m Running 'C:\Users\Nia Yusniati\AppData\Local\Android\Sdk\platform-tools\adb.exe -P 5037 -s RR8N605F11Y shell dumpsys package io.appium.uiautomator2.server'
[debug] [38;5;64m[ADB][0m The version name of the installed 'io.appium.uiautomator2.server' is greater or equal to the application version name ('5.7.8' >= '5.7.8')
[debug] [38;5;32m[AndroidUiautomator2Driver@fde1 (b73ebad1)][0m io.appium.uiautomator2.server installation state: sameVersionInstalled
[debug] [38;5;64m[ADB][0m Checking app cert for C:\Users\Nia Yusniati\API Sanber\Final\Mobile-Automation-with-Appium-and-Web.-Io\node_modules\appium-uiautomator2-driver\node_modules\appium-uiautomator2-server\apks\appium-uiautomator2-server-v5.7.8.apk
[38;5;64m[ADB][0m Using 'apksigner.jar' from 'C:\Users\Nia Yusniati\AppData\Local\Android\Sdk\build-tools\33.0.0\lib\apksigner.jar'
[debug] [38;5;64m[ADB][0m Starting apksigner: 'C:\\Program Files\\Java\\jdk1.8.0_301\\bin\\java.exe' -Xmx1024M -Xss1m -jar 'C:\\Users\\Nia Yusniati\\AppData\\Local\\Android\\Sdk\\build-tools\\33.0.0\\lib\\apksigner.jar' verify --print-certs 'C:\\Users\\Nia Yusniati\\API Sanber\\Final\\Mobile-Automation-with-Appium-and-Web.-Io\\node_modules\\appium-uiautomator2-driver\\node_modules\\appium-uiautomator2-server\\apks\\appium-uiautomator2-server-v5.7.8.apk'
[debug] [38;5;64m[ADB][0m apksigner stdout: Signer #1 certificate DN: EMAILADDRESS=android@android.com, CN=Android, OU=Android, O=Android, L=Mountain View, ST=California, C=US
[debug] [38;5;64m[ADB][0m Signer #1 certificate SHA-256 digest: a40da80a59d170caa950cf15c18c454d47a39b26989d8b640ecd745ba71bf5dc
[debug] [38;5;64m[ADB][0m Signer #1 certificate SHA-1 digest: 61ed377e85d386a8dfee6b864bd85b0bfaa5af81
[debug] [38;5;64m[ADB][0m Signer #1 certificate MD5 digest: e89b158e4bcf988ebd09eb83f5378e87
[debug] [38;5;64m[ADB][0m 
[debug] [38;5;64m[ADB][0m sha256 hash did match for 'appium-uiautomator2-server-v5.7.8.apk'
[38;5;64m[ADB][0m 'C:\Users\Nia Yusniati\API Sanber\Final\Mobile-Automation-with-Appium-and-Web.-Io\node_modules\appium-uiautomator2-driver\node_modules\appium-uiautomator2-server\apks\appium-uiautomator2-server-v5.7.8.apk' is signed with the default certificate
[debug] [38;5;64m[ADB][0m Getting install status for io.appium.uiautomator2.server.test
[debug] [38;5;64m[ADB][0m Running 'C:\Users\Nia Yusniati\AppData\Local\Android\Sdk\platform-tools\adb.exe -P 5037 -s RR8N605F11Y shell dumpsys package io.appium.uiautomator2.server.test'
[debug] [38;5;64m[ADB][0m 'io.appium.uiautomator2.server.test' is installed
[debug] [38;5;64m[ADB][0m Checking app cert for C:\Users\Nia Yusniati\API Sanber\Final\Mobile-Automation-with-Appium-and-Web.-Io\node_modules\appium-uiautomator2-driver\node_modules\appium-uiautomator2-server\apks\appium-uiautomator2-server-debug-androidTest.apk
[debug] [38;5;64m[ADB][0m Starting apksigner: 'C:\\Program Files\\Java\\jdk1.8.0_301\\bin\\java.exe' -Xmx1024M -Xss1m -jar 'C:\\Users\\Nia Yusniati\\AppData\\Local\\Android\\Sdk\\build-tools\\33.0.0\\lib\\apksigner.jar' verify --print-certs 'C:\\Users\\Nia Yusniati\\API Sanber\\Final\\Mobile-Automation-with-Appium-and-Web.-Io\\node_modules\\appium-uiautomator2-driver\\node_modules\\appium-uiautomator2-server\\apks\\appium-uiautomator2-server-debug-androidTest.apk'
[debug] [38;5;64m[ADB][0m apksigner stdout: Signer #1 certificate DN: EMAILADDRESS=android@android.com, CN=Android, OU=Android, O=Android, L=Mountain View, ST=California, C=US
[debug] [38;5;64m[ADB][0m Signer #1 certificate SHA-256 digest: a40da80a59d170caa950cf15c18c454d47a39b26989d8b640ecd745ba71bf5dc
[debug] [38;5;64m[ADB][0m Signer #1 certificate SHA-1 digest: 61ed377e85d386a8dfee6b864bd85b0bfaa5af81
[debug] [38;5;64m[ADB][0m Signer #1 certificate MD5 digest: e89b158e4bcf988ebd09eb83f5378e87
[debug] [38;5;64m[ADB][0m 
[debug] [38;5;64m[ADB][0m sha256 hash did match for 'appium-uiautomator2-server-debug-androidTest.apk'
[38;5;64m[ADB][0m 'C:\Users\Nia Yusniati\API Sanber\Final\Mobile-Automation-with-Appium-and-Web.-Io\node_modules\appium-uiautomator2-driver\node_modules\appium-uiautomator2-server\apks\appium-uiautomator2-server-debug-androidTest.apk' is signed with the default certificate
[38;5;32m[AndroidUiautomator2Driver@fde1 (b73ebad1)][0m Server packages are not going to be (re)installed
[debug] [38;5;32m[AndroidUiautomator2Driver@fde1 (b73ebad1)][0m Waiting up to 30000ms for services to be available
[debug] [38;5;64m[ADB][0m Running 'C:\Users\Nia Yusniati\AppData\Local\Android\Sdk\platform-tools\adb.exe -P 5037 -s RR8N605F11Y shell pm list instrumentation'
[debug] [38;5;32m[AndroidUiautomator2Driver@fde1 (b73ebad1)][0m Instrumentation target 'io.appium.uiautomator2.server.test/androidx.test.runner.AndroidJUnitRunner' is available
[38;5;64m[ADB][0m Adding packages ["io.appium.settings","io.appium.uiautomator2.server","io.appium.uiautomator2.server.test"] to Doze whitelist
[debug] [38;5;64m[ADB][0m Got the following command chunks to execute: [["dumpsys","deviceidle","whitelist","+io.appium.settings",";","dumpsys","deviceidle","whitelist","+io.appium.uiautomator2.server",";","dumpsys","deviceidle","whitelist","+io.appium.uiautomator2.server.test",";"]]
[debug] [38;5;64m[ADB][0m Running 'C:\Users\Nia Yusniati\AppData\Local\Android\Sdk\platform-tools\adb.exe -P 5037 -s RR8N605F11Y shell dumpsys deviceidle whitelist +io.appium.settings ; dumpsys deviceidle whitelist +io.appium.uiautomator2.server ; dumpsys deviceidle whitelist +io.appium.uiautomator2.server.test ;'
[debug] [38;5;64m[ADB][0m Getting install status for com.fghilmany.dietmealapp
[debug] [38;5;64m[ADB][0m Running 'C:\Users\Nia Yusniati\AppData\Local\Android\Sdk\platform-tools\adb.exe -P 5037 -s RR8N605F11Y shell dumpsys package com.fghilmany.dietmealapp'
[debug] [38;5;64m[ADB][0m 'com.fghilmany.dietmealapp' is installed
[debug] [38;5;32m[AndroidUiautomator2Driver@fde1 (b73ebad1)][0m noReset has been requested and the app is already installed. Doing nothing
[debug] [38;5;32m[AndroidUiautomator2Driver@fde1 (b73ebad1)][0m Performing shallow cleanup of automation leftovers
[debug] [38;5;32m[AndroidUiautomator2Driver@fde1 (b73ebad1)][0m No obsolete sessions have been detected (socket hang up)
[debug] [38;5;64m[ADB][0m Running 'C:\Users\Nia Yusniati\AppData\Local\Android\Sdk\platform-tools\adb.exe -P 5037 -s RR8N605F11Y shell am force-stop io.appium.uiautomator2.server.test'
[38;5;32m[AndroidUiautomator2Driver@fde1 (b73ebad1)][0m Starting UIAutomator2 server 5.7.8
[38;5;32m[AndroidUiautomator2Driver@fde1 (b73ebad1)][0m Using UIAutomator2 server from 'C:\Users\Nia Yusniati\API Sanber\Final\Mobile-Automation-with-Appium-and-Web.-Io\node_modules\appium-uiautomator2-driver\node_modules\appium-uiautomator2-server\apks\appium-uiautomator2-server-v5.7.8.apk' and test from 'C:\Users\Nia Yusniati\API Sanber\Final\Mobile-Automation-with-Appium-and-Web.-Io\node_modules\appium-uiautomator2-driver\node_modules\appium-uiautomator2-server\apks\appium-uiautomator2-server-debug-androidTest.apk'
[38;5;32m[AndroidUiautomator2Driver@fde1 (b73ebad1)][0m Waiting up to 30000ms for UiAutomator2 to be online...
[debug] [38;5;64m[ADB][0m Creating ADB subprocess with args: ["-P",5037,"-s","RR8N605F11Y","shell","am","instrument","-w","-e","disableAnalytics",true,"io.appium.uiautomator2.server.test/androidx.test.runner.AndroidJUnitRunner"]
[debug] [38;5;32m[AndroidUiautomator2Driver@fde1 (b73ebad1)][0m Matched '/status' to command name 'getStatus'
[debug] [38;5;32m[AndroidUiautomator2Driver@fde1 (b73ebad1)][0m Proxying [GET /status] to [GET http://127.0.0.1:8200/status] with no body
[38;5;32m[AndroidUiautomator2Driver@fde1 (b73ebad1)][0m socket hang up
[debug] [38;5;32m[AndroidUiautomator2Driver@fde1 (b73ebad1)][0m Matched '/status' to command name 'getStatus'
[debug] [38;5;32m[AndroidUiautomator2Driver@fde1 (b73ebad1)][0m Proxying [GET /status] to [GET http://127.0.0.1:8200/status] with no body
[38;5;32m[AndroidUiautomator2Driver@fde1 (b73ebad1)][0m socket hang up
[debug] [38;5;112m[Instrumentation][0m io.appium.uiautomator2.server.test.AppiumUiAutomator2Server:
[debug] [38;5;32m[AndroidUiautomator2Driver@fde1 (b73ebad1)][0m Matched '/status' to command name 'getStatus'
[debug] [38;5;32m[AndroidUiautomator2Driver@fde1 (b73ebad1)][0m Proxying [GET /status] to [GET http://127.0.0.1:8200/status] with no body
[38;5;32m[AndroidUiautomator2Driver@fde1 (b73ebad1)][0m socket hang up
[debug] [38;5;32m[AndroidUiautomator2Driver@fde1 (b73ebad1)][0m Matched '/status' to command name 'getStatus'
[debug] [38;5;32m[AndroidUiautomator2Driver@fde1 (b73ebad1)][0m Proxying [GET /status] to [GET http://127.0.0.1:8200/status] with no body
[debug] [38;5;32m[AndroidUiautomator2Driver@fde1 (b73ebad1)][0m Got response with status 200: {"sessionId":"None","value":{"message":"UiAutomator2 Server is ready to accept commands","ready":true}}
[debug] [38;5;32m[AndroidUiautomator2Driver@fde1 (b73ebad1)][0m The initialization of the instrumentation process took 3232ms
[debug] [38;5;32m[AndroidUiautomator2Driver@fde1 (b73ebad1)][0m Matched '/session' to command name 'createSession'
[debug] [38;5;32m[AndroidUiautomator2Driver@fde1 (b73ebad1)][0m Proxying [POST /session] to [POST http://127.0.0.1:8200/session] with body: {"capabilities":{"firstMatch":[{"platform":"LINUX","webStorageEnabled":false,"takesScreenshot":true,"javascriptEnabled":true,"databaseEnabled":false,"networkConnectionEnabled":true,"locationContextEnabled":false,"warnings":{},"desired":{"platformName":"Android","automationName":"UiAutomator2","deviceName":"APANDI","platformVersion":"11.0","app":"C:\\Users\\Nia Yusniati\\API Sanber\\Final\\Mobile-Automation-with-Appium-and-Web.-Io\\test\\apk\\Diet_meal.apk","appPackage":"com.fghilmany.dietmealapp","appActivity":"com.fghilmany.dietmealapp.ui.main.MainActivity","noReset":true,"forceAppLaunch":true},"platformName":"Android","automationName":"UiAutomator2","deviceName":"RR8N605F11Y","platformVersion":"11.0","app":"C:\\Users\\Nia Yusniati\\API Sanber\\Final\\Mobile-Automation-with-Appium-and-Web.-Io\\test\\apk\\Diet_meal.apk","appPackage":"com.fghilmany.dietmealapp","appActivity":"com.fghilmany.dietmealapp.ui.main.MainActivity","noReset":true,"forceAppLaunch":true,"deviceUDID":"RR8N605F11Y"}],"alwaysMatch":{}}}
[debug] [38;5;32m[AndroidUiautomator2Driver@fde1 (b73ebad1)][0m Got response with status 200: {"sessionId":"856eb8de-c92d-4a40-a578-e1ed49c37d6f","value":{"capabilities":{"firstMatch":[{"platform":"LINUX","webStorageEnabled":false,"takesScreenshot":true,"javascriptEnabled":true,"databaseEnabled":false,"networkConnectionEnabled":true,"locationContextEnabled":false,"warnings":{},"desired":{"platformName":"Android","automationName":"UiAutomator2","deviceName":"APANDI","platformVersion":"11.0","app":"C:\\Users\\Nia Yusniati\\API Sanber\\Final\\Mobile-Automation-with-Appium-and-Web.-Io\\test\\apk\\Diet_meal.apk","appPackage":"com.fghilmany.dietmealapp","appActivity":"com.fghilmany.dietmealapp.ui.main.MainActivity","noReset":true,"forceAppLaunch":true},"platformName":"Android","automationName":"UiAutomator2","deviceName":"RR8N605F11Y","platformVersion":"11.0","app":"C:\\Users\\Nia Yusniati\\API Sanber\\Final\\Mobile-Automation-with-Appium-and-Web.-Io\\test\\apk\\Diet_meal.apk","appPackage":"com.fghilmany.dietmealapp","appActivity":"com.fghilmany.dietmealapp.ui.main.MainActivity","noReset":true,"forceAppL...
[38;5;32m[AndroidUiautomator2Driver@fde1 (b73ebad1)][0m Determined the downstream protocol as 'W3C'
[debug] [38;5;32m[AndroidUiautomator2Driver@fde1 (b73ebad1)][0m Proxying [GET /appium/device/info] to [GET http://127.0.0.1:8200/session/856eb8de-c92d-4a40-a578-e1ed49c37d6f/appium/device/info] with no body
[debug] [38;5;32m[AndroidUiautomator2Driver@fde1 (b73ebad1)][0m Got response with status 200: {"sessionId":"856eb8de-c92d-4a40-a578-e1ed49c37d6f","value":{"androidId":"0bf83f2e070f31a5","apiVersion":"30","bluetooth":{"state":"OFF"},"brand":"samsung","carrierName":"INDOSAT","displayDensity":420,"locale":"in_ID","manufacturer":"samsung","model":"SM-M315F","networks":[{"capabilities":{"SSID":null,"linkDownBandwidthKbps":30000,"linkUpstreamBandwidthKbps":15000,"networkCapabilities":"NET_CAPABILITY_IMS,NET_CAPABILITY_NOT_METERED,NET_CAPABILITY_TRUSTED,NET_CAPABILITY_NOT_VPN,NET_CAPABILITY_VALIDATED,NET_CAPABILITY_NOT_ROAMING,NET_CAPABILITY_FOREGROUND,NET_CAPABILITY_NOT_CONGESTED,NET_CAPABILITY_NOT_SUSPENDED","signalStrength":-2147483648,"transportTypes":"TRANSPORT_CELLULAR"},"detailedState":"CONNECTED","extraInfo":"IMS","isAvailable":true,"isConnected":true,"isFailover":false,"isRoaming":false,"state":"CONNECTED","subtype":13,"subtypeName":"LTE","type":0,"typeName":"MOBILE"},{"capabilities":{"SSID":null,"linkDownBandwidthKbps":687,"linkUpstreamBandwidthKbps":1048576,"networkCapabilities":"NET_CAPABILITY...
[debug] [38;5;64m[ADB][0m Running 'C:\Users\Nia Yusniati\AppData\Local\Android\Sdk\platform-tools\adb.exe -P 5037 -s RR8N605F11Y shell dumpsys window'
[38;5;80m[AndroidDriver][0m Screen already unlocked, doing nothing
[38;5;32m[AndroidUiautomator2Driver@fde1 (b73ebad1)][0m Starting 'com.fghilmany.dietmealapp/com.fghilmany.dietmealapp.ui.main.MainActivity and waiting for 'com.fghilmany.dietmealapp/com.fghilmany.dietmealapp.ui.main.MainActivity'
[debug] [38;5;64m[ADB][0m Running 'C:\Users\Nia Yusniati\AppData\Local\Android\Sdk\platform-tools\adb.exe -P 5037 -s RR8N605F11Y shell am start -W -n com.fghilmany.dietmealapp/com.fghilmany.dietmealapp.ui.main.MainActivity -S -a android.intent.action.MAIN -c android.intent.category.LAUNCHER -f 0x10200000'
[debug] [38;5;32m[AndroidUiautomator2Driver@fde1 (b73ebad1)][0m Proxying [GET /appium/device/pixel_ratio] to [GET http://127.0.0.1:8200/session/856eb8de-c92d-4a40-a578-e1ed49c37d6f/appium/device/pixel_ratio] with no body
[debug] [38;5;32m[AndroidUiautomator2Driver@fde1 (b73ebad1)][0m Got response with status 200: {"sessionId":"856eb8de-c92d-4a40-a578-e1ed49c37d6f","value":2.625}
[debug] [38;5;32m[AndroidUiautomator2Driver@fde1 (b73ebad1)][0m Matched '/appium/device/system_bars' to command name 'getSystemBars'
[debug] [38;5;32m[AndroidUiautomator2Driver@fde1 (b73ebad1)][0m Proxying [GET /appium/device/system_bars] to [GET http://127.0.0.1:8200/session/856eb8de-c92d-4a40-a578-e1ed49c37d6f/appium/device/system_bars] with no body
[debug] [38;5;32m[AndroidUiautomator2Driver@fde1 (b73ebad1)][0m Got response with status 200: {"sessionId":"856eb8de-c92d-4a40-a578-e1ed49c37d6f","value":{"statusBar":78}}
[debug] [38;5;32m[AndroidUiautomator2Driver@fde1 (b73ebad1)][0m Matched '/window/current/size' to command name 'getWindowSize'
[debug] [38;5;32m[AndroidUiautomator2Driver@fde1 (b73ebad1)][0m Proxying [GET /window/current/size] to [GET http://127.0.0.1:8200/session/856eb8de-c92d-4a40-a578-e1ed49c37d6f/window/current/size] with no body
[debug] [38;5;32m[AndroidUiautomator2Driver@fde1 (b73ebad1)][0m Got response with status 200: {"sessionId":"856eb8de-c92d-4a40-a578-e1ed49c37d6f","value":{"height":2131,"width":1080}}
[38;5;16m[AppiumDriver@f6bf][0m New AndroidUiautomator2Driver session created successfully, session b73ebad1-b33f-4c68-863a-7530ed486c1c added to master session list
[debug] [38;5;16m[AppiumDriver@f6bf][0m Event 'newSessionStarted' logged at 1677417013260 (20:10:13 GMT+0700 (Indochina Time))
[debug] [38;5;32m[AndroidUiautomator2Driver@fde1 (b73ebad1)][0m Cached the protocol value 'W3C' for the new session b73ebad1-b33f-4c68-863a-7530ed486c1c
[debug] [38;5;32m[AndroidUiautomator2Driver@fde1 (b73ebad1)][0m Responding to client with driver.createSession() result: {"capabilities":{"platform":"LINUX","webStorageEnabled":false,"takesScreenshot":true,"javascriptEnabled":true,"databaseEnabled":false,"networkConnectionEnabled":true,"locationContextEnabled":false,"warnings":{},"desired":{"platformName":"Android","automationName":"UiAutomator2","deviceName":"APANDI","platformVersion":"11.0","app":"C:\\Users\\Nia Yusniati\\API Sanber\\Final\\Mobile-Automation-with-Appium-and-Web.-Io\\test\\apk\\Diet_meal.apk","appPackage":"com.fghilmany.dietmealapp","appActivity":"com.fghilmany.dietmealapp.ui.main.MainActivity","noReset":true,"forceAppLaunch":true},"platformName":"Android","automationName":"UiAutomator2","deviceName":"RR8N605F11Y","platformVersion":"11","app":"C:\\Users\\Nia Yusniati\\API Sanber\\Final\\Mobile-Automation-with-Appium-and-Web.-Io\\test\\apk\\Diet_meal.apk","appPackage":"com.fghilmany.dietmealapp","appActivity":"com.fghilmany.dietmealapp.ui.main.MainActivity","noReset":true,"forceAppLaunch":true,"deviceUDID":"RR8N605F11Y","deviceApiLevel":30,"deviceScreenSize"...
[38;5;0m[HTTP][0m [37m<-- POST /session [39m[32m200[39m [90m11075 ms - 1278[39m
[38;5;0m[HTTP][0m [90m[39m
[38;5;0m[HTTP][0m [37m-->[39m [37mPOST[39m [37m/session/b73ebad1-b33f-4c68-863a-7530ed486c1c/element[39m
[38;5;0m[HTTP][0m [90m{"using":"xpath","value":"/hierarchy/android.widget.FrameLayout/android.widget.LinearLayout/android.widget.FrameLayout/android.widget.LinearLayout/android.widget.FrameLayout/android.view.ViewGroup/android.widget.FrameLayout/android.view.ViewGroup/android.widget.LinearLayout[1]/android.widget.FrameLayout/android.widget.EditText"}[39m
[debug] [38;5;32m[AndroidUiautomator2Driver@fde1 (b73ebad1)][0m Calling AppiumDriver.findElement() with args: ["xpath","/hierarchy/android.widget.FrameLayout/android.widget.LinearLayout/android.widget.FrameLayout/android.widget.LinearLayout/android.widget.FrameLayout/android.view.ViewGroup/android.widget.FrameLayout/android.view.ViewGroup/android.widget.LinearLayout[1]/android.widget.FrameLayout/android.widget.EditText","b73ebad1-b33f-4c68-863a-7530ed486c1c"]
[debug] [38;5;32m[AndroidUiautomator2Driver@fde1 (b73ebad1)][0m Valid locator strategies for this request: xpath, id, class name, accessibility id, css selector, -android uiautomator
[debug] [38;5;32m[AndroidUiautomator2Driver@fde1 (b73ebad1)][0m Waiting up to 0 ms for condition
[debug] [38;5;32m[AndroidUiautomator2Driver@fde1 (b73ebad1)][0m Matched '/element' to command name 'findElement'
[debug] [38;5;32m[AndroidUiautomator2Driver@fde1 (b73ebad1)][0m Proxying [POST /element] to [POST http://127.0.0.1:8200/session/856eb8de-c92d-4a40-a578-e1ed49c37d6f/element] with body: {"strategy":"xpath","selector":"/hierarchy/android.widget.FrameLayout/android.widget.LinearLayout/android.widget.FrameLayout/android.widget.LinearLayout/android.widget.FrameLayout/android.view.ViewGroup/android.widget.FrameLayout/android.view.ViewGroup/android.widget.LinearLayout[1]/android.widget.FrameLayout/android.widget.EditText","context":"","multiple":false}
[debug] [38;5;32m[AndroidUiautomator2Driver@fde1 (b73ebad1)][0m Got response with status 200: {"sessionId":"856eb8de-c92d-4a40-a578-e1ed49c37d6f","value":{"ELEMENT":"00000000-0000-01e0-ffff-ffff00000013","element-6066-11e4-a52e-4f735466cecf":"00000000-0000-01e0-ffff-ffff00000013"}}
[debug] [38;5;32m[AndroidUiautomator2Driver@fde1 (b73ebad1)][0m Responding to client with driver.findElement() result: {"element-6066-11e4-a52e-4f735466cecf":"00000000-0000-01e0-ffff-ffff00000013","ELEMENT":"00000000-0000-01e0-ffff-ffff00000013"}
[38;5;0m[HTTP][0m [37m<-- POST /session/b73ebad1-b33f-4c68-863a-7530ed486c1c/element [39m[32m200[39m [90m501 ms - 137[39m
[38;5;0m[HTTP][0m [90m[39m
[38;5;0m[HTTP][0m [37m-->[39m [37mPOST[39m [37m/session/b73ebad1-b33f-4c68-863a-7530ed486c1c/element/00000000-0000-01e0-ffff-ffff00000013/clear[39m
[38;5;0m[HTTP][0m [90m{}[39m
[debug] [38;5;32m[AndroidUiautomator2Driver@fde1 (b73ebad1)][0m Calling AppiumDriver.clear() with args: ["00000000-0000-01e0-ffff-ffff00000013","b73ebad1-b33f-4c68-863a-7530ed486c1c"]
[debug] [38;5;32m[AndroidUiautomator2Driver@fde1 (b73ebad1)][0m Matched '/element/00000000-0000-01e0-ffff-ffff00000013/clear' to command name 'clear'
[debug] [38;5;32m[AndroidUiautomator2Driver@fde1 (b73ebad1)][0m Proxying [POST /element/00000000-0000-01e0-ffff-ffff00000013/clear] to [POST http://127.0.0.1:8200/session/856eb8de-c92d-4a40-a578-e1ed49c37d6f/element/00000000-0000-01e0-ffff-ffff00000013/clear] with body: {"elementId":"00000000-0000-01e0-ffff-ffff00000013"}
[debug] [38;5;32m[AndroidUiautomator2Driver@fde1 (b73ebad1)][0m Got response with status 200: {"sessionId":"856eb8de-c92d-4a40-a578-e1ed49c37d6f","value":null}
[debug] [38;5;32m[AndroidUiautomator2Driver@fde1 (b73ebad1)][0m Responding to client with driver.clear() result: null
[38;5;0m[HTTP][0m [37m<-- POST /session/b73ebad1-b33f-4c68-863a-7530ed486c1c/element/00000000-0000-01e0-ffff-ffff00000013/clear [39m[32m200[39m [90m487 ms - 14[39m
[38;5;0m[HTTP][0m [90m[39m
[38;5;0m[HTTP][0m [37m-->[39m [37mPOST[39m [37m/session/b73ebad1-b33f-4c68-863a-7530ed486c1c/element/00000000-0000-01e0-ffff-ffff00000013/value[39m
[38;5;0m[HTTP][0m [90m{"text":"Data Test"}[39m
[debug] [38;5;32m[AndroidUiautomator2Driver@fde1 (b73ebad1)][0m Calling AppiumDriver.setValue() with args: ["Data Test","00000000-0000-01e0-ffff-ffff00000013","b73ebad1-b33f-4c68-863a-7530ed486c1c"]
[debug] [38;5;32m[AndroidUiautomator2Driver@fde1 (b73ebad1)][0m Matched '/element/00000000-0000-01e0-ffff-ffff00000013/value' to command name 'setValue'
[debug] [38;5;32m[AndroidUiautomator2Driver@fde1 (b73ebad1)][0m Added 'value' property ["D","a","t","a"," ","T","e","s","t"] to 'setValue' request body
[debug] [38;5;32m[AndroidUiautomator2Driver@fde1 (b73ebad1)][0m Proxying [POST /element/00000000-0000-01e0-ffff-ffff00000013/value] to [POST http://127.0.0.1:8200/session/856eb8de-c92d-4a40-a578-e1ed49c37d6f/element/00000000-0000-01e0-ffff-ffff00000013/value] with body: {"elementId":"00000000-0000-01e0-ffff-ffff00000013","text":"Data Test","replace":false,"value":["D","a","t","a"," ","T","e","s","t"]}
[debug] [38;5;32m[AndroidUiautomator2Driver@fde1 (b73ebad1)][0m Got response with status 200: {"sessionId":"856eb8de-c92d-4a40-a578-e1ed49c37d6f","value":null}
[debug] [38;5;32m[AndroidUiautomator2Driver@fde1 (b73ebad1)][0m Responding to client with driver.setValue() result: null
[38;5;0m[HTTP][0m [37m<-- POST /session/b73ebad1-b33f-4c68-863a-7530ed486c1c/element/00000000-0000-01e0-ffff-ffff00000013/value [39m[32m200[39m [90m1104 ms - 14[39m
[38;5;0m[HTTP][0m [90m[39m
[38;5;0m[HTTP][0m [37m-->[39m [37mPOST[39m [37m/session/b73ebad1-b33f-4c68-863a-7530ed486c1c/element[39m
[38;5;0m[HTTP][0m [90m{"using":"xpath","value":"/hierarchy/android.widget.FrameLayout/android.widget.LinearLayout/android.widget.FrameLayout/android.widget.LinearLayout/android.widget.FrameLayout/android.view.ViewGroup/android.widget.FrameLayout/android.view.ViewGroup/android.widget.LinearLayout[2]/android.widget.FrameLayout/android.widget.EditText"}[39m
[debug] [38;5;32m[AndroidUiautomator2Driver@fde1 (b73ebad1)][0m Calling AppiumDriver.findElement() with args: ["xpath","/hierarchy/android.widget.FrameLayout/android.widget.LinearLayout/android.widget.FrameLayout/android.widget.LinearLayout/android.widget.FrameLayout/android.view.ViewGroup/android.widget.FrameLayout/android.view.ViewGroup/android.widget.LinearLayout[2]/android.widget.FrameLayout/android.widget.EditText","b73ebad1-b33f-4c68-863a-7530ed486c1c"]
[debug] [38;5;32m[AndroidUiautomator2Driver@fde1 (b73ebad1)][0m Valid locator strategies for this request: xpath, id, class name, accessibility id, css selector, -android uiautomator
[debug] [38;5;32m[AndroidUiautomator2Driver@fde1 (b73ebad1)][0m Waiting up to 0 ms for condition
[debug] [38;5;32m[AndroidUiautomator2Driver@fde1 (b73ebad1)][0m Matched '/element' to command name 'findElement'
[debug] [38;5;32m[AndroidUiautomator2Driver@fde1 (b73ebad1)][0m Proxying [POST /element] to [POST http://127.0.0.1:8200/session/856eb8de-c92d-4a40-a578-e1ed49c37d6f/element] with body: {"strategy":"xpath","selector":"/hierarchy/android.widget.FrameLayout/android.widget.LinearLayout/android.widget.FrameLayout/android.widget.LinearLayout/android.widget.FrameLayout/android.view.ViewGroup/android.widget.FrameLayout/android.view.ViewGroup/android.widget.LinearLayout[2]/android.widget.FrameLayout/android.widget.EditText","context":"","multiple":false}
[debug] [38;5;32m[AndroidUiautomator2Driver@fde1 (b73ebad1)][0m Got response with status 200: {"sessionId":"856eb8de-c92d-4a40-a578-e1ed49c37d6f","value":{"ELEMENT":"00000000-0000-01e0-ffff-ffff0000001f","element-6066-11e4-a52e-4f735466cecf":"00000000-0000-01e0-ffff-ffff0000001f"}}
[debug] [38;5;32m[AndroidUiautomator2Driver@fde1 (b73ebad1)][0m Responding to client with driver.findElement() result: {"element-6066-11e4-a52e-4f735466cecf":"00000000-0000-01e0-ffff-ffff0000001f","ELEMENT":"00000000-0000-01e0-ffff-ffff0000001f"}
[38;5;0m[HTTP][0m [37m<-- POST /session/b73ebad1-b33f-4c68-863a-7530ed486c1c/element [39m[32m200[39m [90m276 ms - 137[39m
[38;5;0m[HTTP][0m [90m[39m
[38;5;0m[HTTP][0m [37m-->[39m [37mPOST[39m [37m/session/b73ebad1-b33f-4c68-863a-7530ed486c1c/element/00000000-0000-01e0-ffff-ffff0000001f/clear[39m
[38;5;0m[HTTP][0m [90m{}[39m
[debug] [38;5;32m[AndroidUiautomator2Driver@fde1 (b73ebad1)][0m Calling AppiumDriver.clear() with args: ["00000000-0000-01e0-ffff-ffff0000001f","b73ebad1-b33f-4c68-863a-7530ed486c1c"]
[debug] [38;5;32m[AndroidUiautomator2Driver@fde1 (b73ebad1)][0m Matched '/element/00000000-0000-01e0-ffff-ffff0000001f/clear' to command name 'clear'
[debug] [38;5;32m[AndroidUiautomator2Driver@fde1 (b73ebad1)][0m Proxying [POST /element/00000000-0000-01e0-ffff-ffff0000001f/clear] to [POST http://127.0.0.1:8200/session/856eb8de-c92d-4a40-a578-e1ed49c37d6f/element/00000000-0000-01e0-ffff-ffff0000001f/clear] with body: {"elementId":"00000000-0000-01e0-ffff-ffff0000001f"}
[debug] [38;5;32m[AndroidUiautomator2Driver@fde1 (b73ebad1)][0m Got response with status 200: {"sessionId":"856eb8de-c92d-4a40-a578-e1ed49c37d6f","value":null}
[debug] [38;5;32m[AndroidUiautomator2Driver@fde1 (b73ebad1)][0m Responding to client with driver.clear() result: null
[38;5;0m[HTTP][0m [37m<-- POST /session/b73ebad1-b33f-4c68-863a-7530ed486c1c/element/00000000-0000-01e0-ffff-ffff0000001f/clear [39m[32m200[39m [90m73 ms - 14[39m
[38;5;0m[HTTP][0m [90m[39m
[38;5;0m[HTTP][0m [37m-->[39m [37mPOST[39m [37m/session/b73ebad1-b33f-4c68-863a-7530ed486c1c/element/00000000-0000-01e0-ffff-ffff0000001f/value[39m
[38;5;0m[HTTP][0m [90m{"text":"90"}[39m
[debug] [38;5;32m[AndroidUiautomator2Driver@fde1 (b73ebad1)][0m Calling AppiumDriver.setValue() with args: ["90","00000000-0000-01e0-ffff-ffff0000001f","b73ebad1-b33f-4c68-863a-7530ed486c1c"]
[debug] [38;5;32m[AndroidUiautomator2Driver@fde1 (b73ebad1)][0m Matched '/element/00000000-0000-01e0-ffff-ffff0000001f/value' to command name 'setValue'
[debug] [38;5;32m[AndroidUiautomator2Driver@fde1 (b73ebad1)][0m Added 'value' property ["9","0"] to 'setValue' request body
[debug] [38;5;32m[AndroidUiautomator2Driver@fde1 (b73ebad1)][0m Proxying [POST /element/00000000-0000-01e0-ffff-ffff0000001f/value] to [POST http://127.0.0.1:8200/session/856eb8de-c92d-4a40-a578-e1ed49c37d6f/element/00000000-0000-01e0-ffff-ffff0000001f/value] with body: {"elementId":"00000000-0000-01e0-ffff-ffff0000001f","text":"90","replace":false,"value":["9","0"]}
[debug] [38;5;32m[AndroidUiautomator2Driver@fde1 (b73ebad1)][0m Got response with status 200: {"sessionId":"856eb8de-c92d-4a40-a578-e1ed49c37d6f","value":null}
[debug] [38;5;32m[AndroidUiautomator2Driver@fde1 (b73ebad1)][0m Responding to client with driver.setValue() result: null
[38;5;0m[HTTP][0m [37m<-- POST /session/b73ebad1-b33f-4c68-863a-7530ed486c1c/element/00000000-0000-01e0-ffff-ffff0000001f/value [39m[32m200[39m [90m1117 ms - 14[39m
[38;5;0m[HTTP][0m [90m[39m
[38;5;0m[HTTP][0m [37m-->[39m [37mPOST[39m [37m/session/b73ebad1-b33f-4c68-863a-7530ed486c1c/element[39m
[38;5;0m[HTTP][0m [90m{"using":"xpath","value":"/hierarchy/android.widget.FrameLayout/android.widget.LinearLayout/android.widget.FrameLayout/android.widget.LinearLayout/android.widget.FrameLayout/android.view.ViewGroup/android.widget.FrameLayout/android.view.ViewGroup/android.widget.LinearLayout[3]/android.widget.FrameLayout/android.widget.EditText"}[39m
[debug] [38;5;32m[AndroidUiautomator2Driver@fde1 (b73ebad1)][0m Calling AppiumDriver.findElement() with args: ["xpath","/hierarchy/android.widget.FrameLayout/android.widget.LinearLayout/android.widget.FrameLayout/android.widget.LinearLayout/android.widget.FrameLayout/android.view.ViewGroup/android.widget.FrameLayout/android.view.ViewGroup/android.widget.LinearLayout[3]/android.widget.FrameLayout/android.widget.EditText","b73ebad1-b33f-4c68-863a-7530ed486c1c"]
[debug] [38;5;32m[AndroidUiautomator2Driver@fde1 (b73ebad1)][0m Valid locator strategies for this request: xpath, id, class name, accessibility id, css selector, -android uiautomator
[debug] [38;5;32m[AndroidUiautomator2Driver@fde1 (b73ebad1)][0m Waiting up to 0 ms for condition
[debug] [38;5;32m[AndroidUiautomator2Driver@fde1 (b73ebad1)][0m Matched '/element' to command name 'findElement'
[debug] [38;5;32m[AndroidUiautomator2Driver@fde1 (b73ebad1)][0m Proxying [POST /element] to [POST http://127.0.0.1:8200/session/856eb8de-c92d-4a40-a578-e1ed49c37d6f/element] with body: {"strategy":"xpath","selector":"/hierarchy/android.widget.FrameLayout/android.widget.LinearLayout/android.widget.FrameLayout/android.widget.LinearLayout/android.widget.FrameLayout/android.view.ViewGroup/android.widget.FrameLayout/android.view.ViewGroup/android.widget.LinearLayout[3]/android.widget.FrameLayout/android.widget.EditText","context":"","multiple":false}
[debug] [38;5;32m[AndroidUiautomator2Driver@fde1 (b73ebad1)][0m Got response with status 200: {"sessionId":"856eb8de-c92d-4a40-a578-e1ed49c37d6f","value":{"ELEMENT":"00000000-0000-01e0-ffff-ffff0000002b","element-6066-11e4-a52e-4f735466cecf":"00000000-0000-01e0-ffff-ffff0000002b"}}
[debug] [38;5;32m[AndroidUiautomator2Driver@fde1 (b73ebad1)][0m Responding to client with driver.findElement() result: {"element-6066-11e4-a52e-4f735466cecf":"00000000-0000-01e0-ffff-ffff0000002b","ELEMENT":"00000000-0000-01e0-ffff-ffff0000002b"}
[38;5;0m[HTTP][0m [37m<-- POST /session/b73ebad1-b33f-4c68-863a-7530ed486c1c/element [39m[32m200[39m [90m303 ms - 137[39m
[38;5;0m[HTTP][0m [90m[39m
[38;5;0m[HTTP][0m [37m-->[39m [37mPOST[39m [37m/session/b73ebad1-b33f-4c68-863a-7530ed486c1c/element/00000000-0000-01e0-ffff-ffff0000002b/clear[39m
[38;5;0m[HTTP][0m [90m{}[39m
[debug] [38;5;32m[AndroidUiautomator2Driver@fde1 (b73ebad1)][0m Calling AppiumDriver.clear() with args: ["00000000-0000-01e0-ffff-ffff0000002b","b73ebad1-b33f-4c68-863a-7530ed486c1c"]
[debug] [38;5;32m[AndroidUiautomator2Driver@fde1 (b73ebad1)][0m Matched '/element/00000000-0000-01e0-ffff-ffff0000002b/clear' to command name 'clear'
[debug] [38;5;32m[AndroidUiautomator2Driver@fde1 (b73ebad1)][0m Proxying [POST /element/00000000-0000-01e0-ffff-ffff0000002b/clear] to [POST http://127.0.0.1:8200/session/856eb8de-c92d-4a40-a578-e1ed49c37d6f/element/00000000-0000-01e0-ffff-ffff0000002b/clear] with body: {"elementId":"00000000-0000-01e0-ffff-ffff0000002b"}
[debug] [38;5;32m[AndroidUiautomator2Driver@fde1 (b73ebad1)][0m Got response with status 200: {"sessionId":"856eb8de-c92d-4a40-a578-e1ed49c37d6f","value":null}
[debug] [38;5;32m[AndroidUiautomator2Driver@fde1 (b73ebad1)][0m Responding to client with driver.clear() result: null
[38;5;0m[HTTP][0m [37m<-- POST /session/b73ebad1-b33f-4c68-863a-7530ed486c1c/element/00000000-0000-01e0-ffff-ffff0000002b/clear [39m[32m200[39m [90m78 ms - 14[39m
[38;5;0m[HTTP][0m [90m[39m
[38;5;0m[HTTP][0m [37m-->[39m [37mPOST[39m [37m/session/b73ebad1-b33f-4c68-863a-7530ed486c1c/element/00000000-0000-01e0-ffff-ffff0000002b/value[39m
[38;5;0m[HTTP][0m [90m{"text":"160"}[39m
[debug] [38;5;32m[AndroidUiautomator2Driver@fde1 (b73ebad1)][0m Calling AppiumDriver.setValue() with args: ["160","00000000-0000-01e0-ffff-ffff0000002b","b73ebad1-b33f-4c68-863a-7530ed486c1c"]
[debug] [38;5;32m[AndroidUiautomator2Driver@fde1 (b73ebad1)][0m Matched '/element/00000000-0000-01e0-ffff-ffff0000002b/value' to command name 'setValue'
[debug] [38;5;32m[AndroidUiautomator2Driver@fde1 (b73ebad1)][0m Added 'value' property ["1","6","0"] to 'setValue' request body
[debug] [38;5;32m[AndroidUiautomator2Driver@fde1 (b73ebad1)][0m Proxying [POST /element/00000000-0000-01e0-ffff-ffff0000002b/value] to [POST http://127.0.0.1:8200/session/856eb8de-c92d-4a40-a578-e1ed49c37d6f/element/00000000-0000-01e0-ffff-ffff0000002b/value] with body: {"elementId":"00000000-0000-01e0-ffff-ffff0000002b","text":"160","replace":false,"value":["1","6","0"]}
[debug] [38;5;32m[AndroidUiautomator2Driver@fde1 (b73ebad1)][0m Got response with status 200: {"sessionId":"856eb8de-c92d-4a40-a578-e1ed49c37d6f","value":null}
[debug] [38;5;32m[AndroidUiautomator2Driver@fde1 (b73ebad1)][0m Responding to client with driver.setValue() result: null
[38;5;0m[HTTP][0m [37m<-- POST /session/b73ebad1-b33f-4c68-863a-7530ed486c1c/element/00000000-0000-01e0-ffff-ffff0000002b/value [39m[32m200[39m [90m1063 ms - 14[39m
[38;5;0m[HTTP][0m [90m[39m
[38;5;0m[HTTP][0m [37m-->[39m [37mPOST[39m [37m/session/b73ebad1-b33f-4c68-863a-7530ed486c1c/element[39m
[38;5;0m[HTTP][0m [90m{"using":"xpath","value":"/hierarchy/android.widget.FrameLayout/android.widget.LinearLayout/android.widget.FrameLayout/android.widget.LinearLayout/android.widget.FrameLayout/android.view.ViewGroup/android.widget.FrameLayout/android.view.ViewGroup/android.widget.RadioGroup/android.widget.RadioButton[1]"}[39m
[debug] [38;5;32m[AndroidUiautomator2Driver@fde1 (b73ebad1)][0m Calling AppiumDriver.findElement() with args: ["xpath","/hierarchy/android.widget.FrameLayout/android.widget.LinearLayout/android.widget.FrameLayout/android.widget.LinearLayout/android.widget.FrameLayout/android.view.ViewGroup/android.widget.FrameLayout/android.view.ViewGroup/android.widget.RadioGroup/android.widget.RadioButton[1]","b73ebad1-b33f-4c68-863a-7530ed486c1c"]
[debug] [38;5;32m[AndroidUiautomator2Driver@fde1 (b73ebad1)][0m Valid locator strategies for this request: xpath, id, class name, accessibility id, css selector, -android uiautomator
[debug] [38;5;32m[AndroidUiautomator2Driver@fde1 (b73ebad1)][0m Waiting up to 0 ms for condition
[debug] [38;5;32m[AndroidUiautomator2Driver@fde1 (b73ebad1)][0m Matched '/element' to command name 'findElement'
[debug] [38;5;32m[AndroidUiautomator2Driver@fde1 (b73ebad1)][0m Proxying [POST /element] to [POST http://127.0.0.1:8200/session/856eb8de-c92d-4a40-a578-e1ed49c37d6f/element] with body: {"strategy":"xpath","selector":"/hierarchy/android.widget.FrameLayout/android.widget.LinearLayout/android.widget.FrameLayout/android.widget.LinearLayout/android.widget.FrameLayout/android.view.ViewGroup/android.widget.FrameLayout/android.view.ViewGroup/android.widget.RadioGroup/android.widget.RadioButton[1]","context":"","multiple":false}
[debug] [38;5;32m[AndroidUiautomator2Driver@fde1 (b73ebad1)][0m Got response with status 200: {"sessionId":"856eb8de-c92d-4a40-a578-e1ed49c37d6f","value":{"ELEMENT":"00000000-0000-01e0-ffff-ffff00000036","element-6066-11e4-a52e-4f735466cecf":"00000000-0000-01e0-ffff-ffff00000036"}}
[debug] [38;5;32m[AndroidUiautomator2Driver@fde1 (b73ebad1)][0m Responding to client with driver.findElement() result: {"element-6066-11e4-a52e-4f735466cecf":"00000000-0000-01e0-ffff-ffff00000036","ELEMENT":"00000000-0000-01e0-ffff-ffff00000036"}
[38;5;0m[HTTP][0m [37m<-- POST /session/b73ebad1-b33f-4c68-863a-7530ed486c1c/element [39m[32m200[39m [90m333 ms - 137[39m
[38;5;0m[HTTP][0m [90m[39m
[38;5;0m[HTTP][0m [37m-->[39m [37mPOST[39m [37m/session/b73ebad1-b33f-4c68-863a-7530ed486c1c/element/00000000-0000-01e0-ffff-ffff00000036/click[39m
[38;5;0m[HTTP][0m [90m{}[39m
[debug] [38;5;32m[AndroidUiautomator2Driver@fde1 (b73ebad1)][0m Calling AppiumDriver.click() with args: ["00000000-0000-01e0-ffff-ffff00000036","b73ebad1-b33f-4c68-863a-7530ed486c1c"]
[debug] [38;5;32m[AndroidUiautomator2Driver@fde1 (b73ebad1)][0m Matched '/element/00000000-0000-01e0-ffff-ffff00000036/click' to command name 'click'
[debug] [38;5;32m[AndroidUiautomator2Driver@fde1 (b73ebad1)][0m Proxying [POST /element/00000000-0000-01e0-ffff-ffff00000036/click] to [POST http://127.0.0.1:8200/session/856eb8de-c92d-4a40-a578-e1ed49c37d6f/element/00000000-0000-01e0-ffff-ffff00000036/click] with body: {"element":"00000000-0000-01e0-ffff-ffff00000036"}
[debug] [38;5;32m[AndroidUiautomator2Driver@fde1 (b73ebad1)][0m Got response with status 200: {"sessionId":"856eb8de-c92d-4a40-a578-e1ed49c37d6f","value":null}
[debug] [38;5;32m[AndroidUiautomator2Driver@fde1 (b73ebad1)][0m Responding to client with driver.click() result: null
[38;5;0m[HTTP][0m [37m<-- POST /session/b73ebad1-b33f-4c68-863a-7530ed486c1c/element/00000000-0000-01e0-ffff-ffff00000036/click [39m[32m200[39m [90m513 ms - 14[39m
[38;5;0m[HTTP][0m [90m[39m
[38;5;0m[HTTP][0m [37m-->[39m [37mPOST[39m [37m/session/b73ebad1-b33f-4c68-863a-7530ed486c1c/element[39m
[38;5;0m[HTTP][0m [90m{"using":"xpath","value":"/hierarchy/android.widget.FrameLayout/android.widget.LinearLayout/android.widget.FrameLayout/android.widget.LinearLayout/android.widget.FrameLayout/android.view.ViewGroup/android.widget.FrameLayout/android.view.ViewGroup/android.widget.Button"}[39m
[debug] [38;5;32m[AndroidUiautomator2Driver@fde1 (b73ebad1)][0m Calling AppiumDriver.findElement() with args: ["xpath","/hierarchy/android.widget.FrameLayout/android.widget.LinearLayout/android.widget.FrameLayout/android.widget.LinearLayout/android.widget.FrameLayout/android.view.ViewGroup/android.widget.FrameLayout/android.view.ViewGroup/android.widget.Button","b73ebad1-b33f-4c68-863a-7530ed486c1c"]
[debug] [38;5;32m[AndroidUiautomator2Driver@fde1 (b73ebad1)][0m Valid locator strategies for this request: xpath, id, class name, accessibility id, css selector, -android uiautomator
[debug] [38;5;32m[AndroidUiautomator2Driver@fde1 (b73ebad1)][0m Waiting up to 0 ms for condition
[debug] [38;5;32m[AndroidUiautomator2Driver@fde1 (b73ebad1)][0m Matched '/element' to command name 'findElement'
[debug] [38;5;32m[AndroidUiautomator2Driver@fde1 (b73ebad1)][0m Proxying [POST /element] to [POST http://127.0.0.1:8200/session/856eb8de-c92d-4a40-a578-e1ed49c37d6f/element] with body: {"strategy":"xpath","selector":"/hierarchy/android.widget.FrameLayout/android.widget.LinearLayout/android.widget.FrameLayout/android.widget.LinearLayout/android.widget.FrameLayout/android.view.ViewGroup/android.widget.FrameLayout/android.view.ViewGroup/android.widget.Button","context":"","multiple":false}
[debug] [38;5;32m[AndroidUiautomator2Driver@fde1 (b73ebad1)][0m Got response with status 200: {"sessionId":"856eb8de-c92d-4a40-a578-e1ed49c37d6f","value":{"ELEMENT":"00000000-0000-01e0-ffff-ffff00000038","element-6066-11e4-a52e-4f735466cecf":"00000000-0000-01e0-ffff-ffff00000038"}}
[debug] [38;5;32m[AndroidUiautomator2Driver@fde1 (b73ebad1)][0m Responding to client with driver.findElement() result: {"element-6066-11e4-a52e-4f735466cecf":"00000000-0000-01e0-ffff-ffff00000038","ELEMENT":"00000000-0000-01e0-ffff-ffff00000038"}
[38;5;0m[HTTP][0m [37m<-- POST /session/b73ebad1-b33f-4c68-863a-7530ed486c1c/element [39m[32m200[39m [90m294 ms - 137[39m
[38;5;0m[HTTP][0m [90m[39m
[38;5;0m[HTTP][0m [37m-->[39m [37mPOST[39m [37m/session/b73ebad1-b33f-4c68-863a-7530ed486c1c/element/00000000-0000-01e0-ffff-ffff00000038/click[39m
[38;5;0m[HTTP][0m [90m{}[39m
[debug] [38;5;32m[AndroidUiautomator2Driver@fde1 (b73ebad1)][0m Calling AppiumDriver.click() with args: ["00000000-0000-01e0-ffff-ffff00000038","b73ebad1-b33f-4c68-863a-7530ed486c1c"]
[debug] [38;5;32m[AndroidUiautomator2Driver@fde1 (b73ebad1)][0m Matched '/element/00000000-0000-01e0-ffff-ffff00000038/click' to command name 'click'
[debug] [38;5;32m[AndroidUiautomator2Driver@fde1 (b73ebad1)][0m Proxying [POST /element/00000000-0000-01e0-ffff-ffff00000038/click] to [POST http://127.0.0.1:8200/session/856eb8de-c92d-4a40-a578-e1ed49c37d6f/element/00000000-0000-01e0-ffff-ffff00000038/click] with body: {"element":"00000000-0000-01e0-ffff-ffff00000038"}
[debug] [38;5;32m[AndroidUiautomator2Driver@fde1 (b73ebad1)][0m Got response with status 200: {"sessionId":"856eb8de-c92d-4a40-a578-e1ed49c37d6f","value":null}
[debug] [38;5;32m[AndroidUiautomator2Driver@fde1 (b73ebad1)][0m Responding to client with driver.click() result: null
[38;5;0m[HTTP][0m [37m<-- POST /session/b73ebad1-b33f-4c68-863a-7530ed486c1c/element/00000000-0000-01e0-ffff-ffff00000038/click [39m[32m200[39m [90m129 ms - 14[39m
[38;5;0m[HTTP][0m [90m[39m
[38;5;0m[HTTP][0m [37m-->[39m [37mPOST[39m [37m/session/b73ebad1-b33f-4c68-863a-7530ed486c1c/element[39m
[38;5;0m[HTTP][0m [90m{"using":"xpath","value":"/hierarchy/android.widget.FrameLayout/android.widget.LinearLayout/android.widget.FrameLayout/android.widget.LinearLayout/android.widget.FrameLayout/android.view.ViewGroup/android.widget.FrameLayout/android.view.ViewGroup/android.widget.RadioGroup/android.widget.RadioButton[1]"}[39m
[debug] [38;5;32m[AndroidUiautomator2Driver@fde1 (b73ebad1)][0m Calling AppiumDriver.findElement() with args: ["xpath","/hierarchy/android.widget.FrameLayout/android.widget.LinearLayout/android.widget.FrameLayout/android.widget.LinearLayout/android.widget.FrameLayout/android.view.ViewGroup/android.widget.FrameLayout/android.view.ViewGroup/android.widget.RadioGroup/android.widget.RadioButton[1]","b73ebad1-b33f-4c68-863a-7530ed486c1c"]
[debug] [38;5;32m[AndroidUiautomator2Driver@fde1 (b73ebad1)][0m Valid locator strategies for this request: xpath, id, class name, accessibility id, css selector, -android uiautomator
[debug] [38;5;32m[AndroidUiautomator2Driver@fde1 (b73ebad1)][0m Waiting up to 0 ms for condition
[debug] [38;5;32m[AndroidUiautomator2Driver@fde1 (b73ebad1)][0m Matched '/element' to command name 'findElement'
[debug] [38;5;32m[AndroidUiautomator2Driver@fde1 (b73ebad1)][0m Proxying [POST /element] to [POST http://127.0.0.1:8200/session/856eb8de-c92d-4a40-a578-e1ed49c37d6f/element] with body: {"strategy":"xpath","selector":"/hierarchy/android.widget.FrameLayout/android.widget.LinearLayout/android.widget.FrameLayout/android.widget.LinearLayout/android.widget.FrameLayout/android.view.ViewGroup/android.widget.FrameLayout/android.view.ViewGroup/android.widget.RadioGroup/android.widget.RadioButton[1]","context":"","multiple":false}
[debug] [38;5;32m[AndroidUiautomator2Driver@fde1 (b73ebad1)][0m Got response with status 200: {"sessionId":"856eb8de-c92d-4a40-a578-e1ed49c37d6f","value":{"ELEMENT":"00000000-0000-01e0-ffff-ffff0000003d","element-6066-11e4-a52e-4f735466cecf":"00000000-0000-01e0-ffff-ffff0000003d"}}
[debug] [38;5;32m[AndroidUiautomator2Driver@fde1 (b73ebad1)][0m Responding to client with driver.findElement() result: {"element-6066-11e4-a52e-4f735466cecf":"00000000-0000-01e0-ffff-ffff0000003d","ELEMENT":"00000000-0000-01e0-ffff-ffff0000003d"}
[38;5;0m[HTTP][0m [37m<-- POST /session/b73ebad1-b33f-4c68-863a-7530ed486c1c/element [39m[32m200[39m [90m202 ms - 137[39m
[38;5;0m[HTTP][0m [90m[39m
[38;5;0m[HTTP][0m [37m-->[39m [37mPOST[39m [37m/session/b73ebad1-b33f-4c68-863a-7530ed486c1c/element/00000000-0000-01e0-ffff-ffff0000003d/click[39m
[38;5;0m[HTTP][0m [90m{}[39m
[debug] [38;5;32m[AndroidUiautomator2Driver@fde1 (b73ebad1)][0m Calling AppiumDriver.click() with args: ["00000000-0000-01e0-ffff-ffff0000003d","b73ebad1-b33f-4c68-863a-7530ed486c1c"]
[debug] [38;5;32m[AndroidUiautomator2Driver@fde1 (b73ebad1)][0m Matched '/element/00000000-0000-01e0-ffff-ffff0000003d/click' to command name 'click'
[debug] [38;5;32m[AndroidUiautomator2Driver@fde1 (b73ebad1)][0m Proxying [POST /element/00000000-0000-01e0-ffff-ffff0000003d/click] to [POST http://127.0.0.1:8200/session/856eb8de-c92d-4a40-a578-e1ed49c37d6f/element/00000000-0000-01e0-ffff-ffff0000003d/click] with body: {"element":"00000000-0000-01e0-ffff-ffff0000003d"}
[debug] [38;5;32m[AndroidUiautomator2Driver@fde1 (b73ebad1)][0m Got response with status 200: {"sessionId":"856eb8de-c92d-4a40-a578-e1ed49c37d6f","value":null}
[debug] [38;5;32m[AndroidUiautomator2Driver@fde1 (b73ebad1)][0m Responding to client with driver.click() result: null
[38;5;0m[HTTP][0m [37m<-- POST /session/b73ebad1-b33f-4c68-863a-7530ed486c1c/element/00000000-0000-01e0-ffff-ffff0000003d/click [39m[32m200[39m [90m113 ms - 14[39m
[38;5;0m[HTTP][0m [90m[39m
[38;5;0m[HTTP][0m [37m-->[39m [37mPOST[39m [37m/session/b73ebad1-b33f-4c68-863a-7530ed486c1c/element[39m
[38;5;0m[HTTP][0m [90m{"using":"xpath","value":"/hierarchy/android.widget.FrameLayout/android.widget.LinearLayout/android.widget.FrameLayout/android.widget.LinearLayout/android.widget.FrameLayout/android.view.ViewGroup/android.widget.FrameLayout/android.view.ViewGroup/android.widget.Button"}[39m
[debug] [38;5;32m[AndroidUiautomator2Driver@fde1 (b73ebad1)][0m Calling AppiumDriver.findElement() with args: ["xpath","/hierarchy/android.widget.FrameLayout/android.widget.LinearLayout/android.widget.FrameLayout/android.widget.LinearLayout/android.widget.FrameLayout/android.view.ViewGroup/android.widget.FrameLayout/android.view.ViewGroup/android.widget.Button","b73ebad1-b33f-4c68-863a-7530ed486c1c"]
[debug] [38;5;32m[AndroidUiautomator2Driver@fde1 (b73ebad1)][0m Valid locator strategies for this request: xpath, id, class name, accessibility id, css selector, -android uiautomator
[debug] [38;5;32m[AndroidUiautomator2Driver@fde1 (b73ebad1)][0m Waiting up to 0 ms for condition
[debug] [38;5;32m[AndroidUiautomator2Driver@fde1 (b73ebad1)][0m Matched '/element' to command name 'findElement'
[debug] [38;5;32m[AndroidUiautomator2Driver@fde1 (b73ebad1)][0m Proxying [POST /element] to [POST http://127.0.0.1:8200/session/856eb8de-c92d-4a40-a578-e1ed49c37d6f/element] with body: {"strategy":"xpath","selector":"/hierarchy/android.widget.FrameLayout/android.widget.LinearLayout/android.widget.FrameLayout/android.widget.LinearLayout/android.widget.FrameLayout/android.view.ViewGroup/android.widget.FrameLayout/android.view.ViewGroup/android.widget.Button","context":"","multiple":false}
[debug] [38;5;32m[AndroidUiautomator2Driver@fde1 (b73ebad1)][0m Got response with status 200: {"sessionId":"856eb8de-c92d-4a40-a578-e1ed49c37d6f","value":{"ELEMENT":"00000000-0000-01e0-ffff-ffff00000044","element-6066-11e4-a52e-4f735466cecf":"00000000-0000-01e0-ffff-ffff00000044"}}
[debug] [38;5;32m[AndroidUiautomator2Driver@fde1 (b73ebad1)][0m Responding to client with driver.findElement() result: {"element-6066-11e4-a52e-4f735466cecf":"00000000-0000-01e0-ffff-ffff00000044","ELEMENT":"00000000-0000-01e0-ffff-ffff00000044"}
[38;5;0m[HTTP][0m [37m<-- POST /session/b73ebad1-b33f-4c68-863a-7530ed486c1c/element [39m[32m200[39m [90m238 ms - 137[39m
[38;5;0m[HTTP][0m [90m[39m
[38;5;0m[HTTP][0m [37m-->[39m [37mPOST[39m [37m/session/b73ebad1-b33f-4c68-863a-7530ed486c1c/element/00000000-0000-01e0-ffff-ffff00000044/click[39m
[38;5;0m[HTTP][0m [90m{}[39m
[debug] [38;5;32m[AndroidUiautomator2Driver@fde1 (b73ebad1)][0m Calling AppiumDriver.click() with args: ["00000000-0000-01e0-ffff-ffff00000044","b73ebad1-b33f-4c68-863a-7530ed486c1c"]
[debug] [38;5;32m[AndroidUiautomator2Driver@fde1 (b73ebad1)][0m Matched '/element/00000000-0000-01e0-ffff-ffff00000044/click' to command name 'click'
[debug] [38;5;32m[AndroidUiautomator2Driver@fde1 (b73ebad1)][0m Proxying [POST /element/00000000-0000-01e0-ffff-ffff00000044/click] to [POST http://127.0.0.1:8200/session/856eb8de-c92d-4a40-a578-e1ed49c37d6f/element/00000000-0000-01e0-ffff-ffff00000044/click] with body: {"element":"00000000-0000-01e0-ffff-ffff00000044"}
[debug] [38;5;32m[AndroidUiautomator2Driver@fde1 (b73ebad1)][0m Got response with status 200: {"sessionId":"856eb8de-c92d-4a40-a578-e1ed49c37d6f","value":null}
[debug] [38;5;32m[AndroidUiautomator2Driver@fde1 (b73ebad1)][0m Responding to client with driver.click() result: null
[38;5;0m[HTTP][0m [37m<-- POST /session/b73ebad1-b33f-4c68-863a-7530ed486c1c/element/00000000-0000-01e0-ffff-ffff00000044/click [39m[32m200[39m [90m147 ms - 14[39m
[38;5;0m[HTTP][0m [90m[39m
[38;5;0m[HTTP][0m [37m-->[39m [37mPOST[39m [37m/session/b73ebad1-b33f-4c68-863a-7530ed486c1c/element[39m
[38;5;0m[HTTP][0m [90m{"using":"xpath","value":"/hierarchy/android.widget.FrameLayout/android.widget.LinearLayout/android.widget.FrameLayout/android.widget.LinearLayout/android.widget.FrameLayout/android.view.ViewGroup/android.widget.FrameLayout[1]/android.view.ViewGroup/android.widget.TextView[2]"}[39m
[debug] [38;5;32m[AndroidUiautomator2Driver@fde1 (b73ebad1)][0m Calling AppiumDriver.findElement() with args: ["xpath","/hierarchy/android.widget.FrameLayout/android.widget.LinearLayout/android.widget.FrameLayout/android.widget.LinearLayout/android.widget.FrameLayout/android.view.ViewGroup/android.widget.FrameLayout[1]/android.view.ViewGroup/android.widget.TextView[2]","b73ebad1-b33f-4c68-863a-7530ed486c1c"]
[debug] [38;5;32m[AndroidUiautomator2Driver@fde1 (b73ebad1)][0m Valid locator strategies for this request: xpath, id, class name, accessibility id, css selector, -android uiautomator
[debug] [38;5;32m[AndroidUiautomator2Driver@fde1 (b73ebad1)][0m Waiting up to 0 ms for condition
[debug] [38;5;32m[AndroidUiautomator2Driver@fde1 (b73ebad1)][0m Matched '/element' to command name 'findElement'
[debug] [38;5;32m[AndroidUiautomator2Driver@fde1 (b73ebad1)][0m Proxying [POST /element] to [POST http://127.0.0.1:8200/session/856eb8de-c92d-4a40-a578-e1ed49c37d6f/element] with body: {"strategy":"xpath","selector":"/hierarchy/android.widget.FrameLayout/android.widget.LinearLayout/android.widget.FrameLayout/android.widget.LinearLayout/android.widget.FrameLayout/android.view.ViewGroup/android.widget.FrameLayout[1]/android.view.ViewGroup/android.widget.TextView[2]","context":"","multiple":false}
[debug] [38;5;32m[AndroidUiautomator2Driver@fde1 (b73ebad1)][0m Got response with status 200: {"sessionId":"856eb8de-c92d-4a40-a578-e1ed49c37d6f","value":{"ELEMENT":"00000000-0000-01e1-ffff-ffff00000061","element-6066-11e4-a52e-4f735466cecf":"00000000-0000-01e1-ffff-ffff00000061"}}
[debug] [38;5;32m[AndroidUiautomator2Driver@fde1 (b73ebad1)][0m Responding to client with driver.findElement() result: {"element-6066-11e4-a52e-4f735466cecf":"00000000-0000-01e1-ffff-ffff00000061","ELEMENT":"00000000-0000-01e1-ffff-ffff00000061"}
[38;5;0m[HTTP][0m [37m<-- POST /session/b73ebad1-b33f-4c68-863a-7530ed486c1c/element [39m[32m200[39m [90m552 ms - 137[39m
[38;5;0m[HTTP][0m [90m[39m
[38;5;0m[HTTP][0m [37m-->[39m [37mPOST[39m [37m/session/b73ebad1-b33f-4c68-863a-7530ed486c1c/elements[39m
[38;5;0m[HTTP][0m [90m{"using":"xpath","value":"/hierarchy/android.widget.FrameLayout/android.widget.LinearLayout/android.widget.FrameLayout/android.widget.LinearLayout/android.widget.FrameLayout/android.view.ViewGroup/android.widget.FrameLayout[1]/android.view.ViewGroup/android.widget.TextView[2]"}[39m
[debug] [38;5;32m[AndroidUiautomator2Driver@fde1 (b73ebad1)][0m Calling AppiumDriver.findElements() with args: ["xpath","/hierarchy/android.widget.FrameLayout/android.widget.LinearLayout/android.widget.FrameLayout/android.widget.LinearLayout/android.widget.FrameLayout/android.view.ViewGroup/android.widget.FrameLayout[1]/android.view.ViewGroup/android.widget.TextView[2]","b73ebad1-b33f-4c68-863a-7530ed486c1c"]
[debug] [38;5;32m[AndroidUiautomator2Driver@fde1 (b73ebad1)][0m Valid locator strategies for this request: xpath, id, class name, accessibility id, css selector, -android uiautomator
[debug] [38;5;32m[AndroidUiautomator2Driver@fde1 (b73ebad1)][0m Waiting up to 0 ms for condition
[debug] [38;5;32m[AndroidUiautomator2Driver@fde1 (b73ebad1)][0m Matched '/elements' to command name 'findElements'
[debug] [38;5;32m[AndroidUiautomator2Driver@fde1 (b73ebad1)][0m Proxying [POST /elements] to [POST http://127.0.0.1:8200/session/856eb8de-c92d-4a40-a578-e1ed49c37d6f/elements] with body: {"strategy":"xpath","selector":"/hierarchy/android.widget.FrameLayout/android.widget.LinearLayout/android.widget.FrameLayout/android.widget.LinearLayout/android.widget.FrameLayout/android.view.ViewGroup/android.widget.FrameLayout[1]/android.view.ViewGroup/android.widget.TextView[2]","context":"","multiple":true}
[debug] [38;5;32m[AndroidUiautomator2Driver@fde1 (b73ebad1)][0m Got response with status 200: {"sessionId":"856eb8de-c92d-4a40-a578-e1ed49c37d6f","value":[{"ELEMENT":"00000000-0000-01e1-ffff-ffff00000061","element-6066-11e4-a52e-4f735466cecf":"00000000-0000-01e1-ffff-ffff00000061"}]}
[debug] [38;5;32m[AndroidUiautomator2Driver@fde1 (b73ebad1)][0m Responding to client with driver.findElements() result: [{"element-6066-11e4-a52e-4f735466cecf":"00000000-0000-01e1-ffff-ffff00000061","ELEMENT":"00000000-0000-01e1-ffff-ffff00000061"}]
[38;5;0m[HTTP][0m [37m<-- POST /session/b73ebad1-b33f-4c68-863a-7530ed486c1c/elements [39m[32m200[39m [90m459 ms - 139[39m
[38;5;0m[HTTP][0m [90m[39m
[38;5;0m[HTTP][0m [37m-->[39m [37mPOST[39m [37m/session/b73ebad1-b33f-4c68-863a-7530ed486c1c/element[39m
[38;5;0m[HTTP][0m [90m{"using":"xpath","value":"/hierarchy/android.widget.FrameLayout/android.widget.LinearLayout/android.widget.FrameLayout/android.widget.LinearLayout/android.widget.FrameLayout/android.view.ViewGroup/android.widget.FrameLayout[1]/android.view.ViewGroup/android.widget.TextView[2]"}[39m
[debug] [38;5;32m[AndroidUiautomator2Driver@fde1 (b73ebad1)][0m Calling AppiumDriver.findElement() with args: ["xpath","/hierarchy/android.widget.FrameLayout/android.widget.LinearLayout/android.widget.FrameLayout/android.widget.LinearLayout/android.widget.FrameLayout/android.view.ViewGroup/android.widget.FrameLayout[1]/android.view.ViewGroup/android.widget.TextView[2]","b73ebad1-b33f-4c68-863a-7530ed486c1c"]
[debug] [38;5;32m[AndroidUiautomator2Driver@fde1 (b73ebad1)][0m Valid locator strategies for this request: xpath, id, class name, accessibility id, css selector, -android uiautomator
[debug] [38;5;32m[AndroidUiautomator2Driver@fde1 (b73ebad1)][0m Waiting up to 0 ms for condition
[debug] [38;5;32m[AndroidUiautomator2Driver@fde1 (b73ebad1)][0m Matched '/element' to command name 'findElement'
[debug] [38;5;32m[AndroidUiautomator2Driver@fde1 (b73ebad1)][0m Proxying [POST /element] to [POST http://127.0.0.1:8200/session/856eb8de-c92d-4a40-a578-e1ed49c37d6f/element] with body: {"strategy":"xpath","selector":"/hierarchy/android.widget.FrameLayout/android.widget.LinearLayout/android.widget.FrameLayout/android.widget.LinearLayout/android.widget.FrameLayout/android.view.ViewGroup/android.widget.FrameLayout[1]/android.view.ViewGroup/android.widget.TextView[2]","context":"","multiple":false}
[debug] [38;5;32m[AndroidUiautomator2Driver@fde1 (b73ebad1)][0m Got response with status 200: {"sessionId":"856eb8de-c92d-4a40-a578-e1ed49c37d6f","value":{"ELEMENT":"00000000-0000-01e1-ffff-ffff00000061","element-6066-11e4-a52e-4f735466cecf":"00000000-0000-01e1-ffff-ffff00000061"}}
[debug] [38;5;32m[AndroidUiautomator2Driver@fde1 (b73ebad1)][0m Responding to client with driver.findElement() result: {"element-6066-11e4-a52e-4f735466cecf":"00000000-0000-01e1-ffff-ffff00000061","ELEMENT":"00000000-0000-01e1-ffff-ffff00000061"}
[38;5;0m[HTTP][0m [37m<-- POST /session/b73ebad1-b33f-4c68-863a-7530ed486c1c/element [39m[32m200[39m [90m451 ms - 137[39m
[38;5;0m[HTTP][0m [90m[39m
[38;5;0m[HTTP][0m [37m-->[39m [37mGET[39m [37m/session/b73ebad1-b33f-4c68-863a-7530ed486c1c/element/00000000-0000-01e1-ffff-ffff00000061/text[39m
[38;5;0m[HTTP][0m [90m{}[39m
[38;5;32m[AndroidUiautomator2Driver@fde1 (b73ebad1)][0m Driver proxy active, passing request on via HTTP proxy
[debug] [38;5;32m[AndroidUiautomator2Driver@fde1 (b73ebad1)][0m Matched '/session/b73ebad1-b33f-4c68-863a-7530ed486c1c/element/00000000-0000-01e1-ffff-ffff00000061/text' to command name 'getText'
[debug] [38;5;32m[AndroidUiautomator2Driver@fde1 (b73ebad1)][0m Proxying [GET /session/b73ebad1-b33f-4c68-863a-7530ed486c1c/element/00000000-0000-01e1-ffff-ffff00000061/text] to [GET http://127.0.0.1:8200/session/856eb8de-c92d-4a40-a578-e1ed49c37d6f/element/00000000-0000-01e1-ffff-ffff00000061/text] with no body
[debug] [38;5;32m[AndroidUiautomator2Driver@fde1 (b73ebad1)][0m Got response with status 200: {"sessionId":"856eb8de-c92d-4a40-a578-e1ed49c37d6f","value":"Ready to some calories today?"}
[38;5;32m[AndroidUiautomator2Driver@fde1 (b73ebad1)][0m Replacing sessionId 856eb8de-c92d-4a40-a578-e1ed49c37d6f with b73ebad1-b33f-4c68-863a-7530ed486c1c
[38;5;0m[HTTP][0m [37m<-- GET /session/b73ebad1-b33f-4c68-863a-7530ed486c1c/element/00000000-0000-01e1-ffff-ffff00000061/text [39m[32m200[39m [90m60 ms - 92[39m
[38;5;0m[HTTP][0m [90m[39m
[38;5;0m[HTTP][0m [37m-->[39m [37mDELETE[39m [37m/session/b73ebad1-b33f-4c68-863a-7530ed486c1c[39m
[38;5;0m[HTTP][0m [90m{}[39m
[debug] [38;5;32m[AndroidUiautomator2Driver@fde1 (b73ebad1)][0m Calling AppiumDriver.deleteSession() with args: ["b73ebad1-b33f-4c68-863a-7530ed486c1c"]
[debug] [38;5;16m[AppiumDriver@f6bf][0m Event 'quitSessionRequested' logged at 1677417045157 (20:10:45 GMT+0700 (Indochina Time))
[38;5;16m[AppiumDriver@f6bf][0m Removing session b73ebad1-b33f-4c68-863a-7530ed486c1c from our master session list
[debug] [38;5;32m[AndroidUiautomator2Driver@fde1 (b73ebad1)][0m Deleting UiAutomator2 session
[debug] [38;5;32m[AndroidUiautomator2Driver@fde1 (b73ebad1)][0m Deleting UiAutomator2 server session
[debug] [38;5;32m[AndroidUiautomator2Driver@fde1 (b73ebad1)][0m Matched '/' to command name 'deleteSession'
[debug] [38;5;32m[AndroidUiautomator2Driver@fde1 (b73ebad1)][0m Proxying [DELETE /] to [DELETE http://127.0.0.1:8200/session/856eb8de-c92d-4a40-a578-e1ed49c37d6f] with no body
[debug] [38;5;32m[AndroidUiautomator2Driver@fde1 (b73ebad1)][0m Got response with status 200: {"sessionId":"856eb8de-c92d-4a40-a578-e1ed49c37d6f","value":null}
[debug] [38;5;64m[ADB][0m Running 'C:\Users\Nia Yusniati\AppData\Local\Android\Sdk\platform-tools\adb.exe -P 5037 -s RR8N605F11Y shell dumpsys activity services io.appium.settings/.recorder.RecorderService'
[debug] [38;5;96m[Logcat][0m Stopping logcat capture
[debug] [38;5;64m[ADB][0m Removing forwarded port socket connection: 8200 
[debug] [38;5;64m[ADB][0m Running 'C:\Users\Nia Yusniati\AppData\Local\Android\Sdk\platform-tools\adb.exe -P 5037 -s RR8N605F11Y forward --remove tcp:8200'
[38;5;32m[AndroidUiautomator2Driver@fde1 (b73ebad1)][0m Restoring hidden api policy to the device default configuration
[debug] [38;5;64m[ADB][0m Running 'C:\Users\Nia Yusniati\AppData\Local\Android\Sdk\platform-tools\adb.exe -P 5037 -s RR8N605F11Y shell 'settings delete global hidden_api_policy_pre_p_apps;settings delete global hidden_api_policy_p_apps;settings delete global hidden_api_policy''
[debug] [38;5;112m[Instrumentation][0m .
[debug] [38;5;112m[Instrumentation][0m Time: 35,076
[debug] [38;5;112m[Instrumentation][0m 
[debug] [38;5;112m[Instrumentation][0m OK (1 test)
[debug] [38;5;16m[AppiumDriver@f6bf][0m Event 'quitSessionFinished' logged at 1677417045516 (20:10:45 GMT+0700 (Indochina Time))
[debug] [38;5;16m[AppiumDriver@f6bf][0m Received response: null
[debug] [38;5;16m[AppiumDriver@f6bf][0m But deleting session, so not returning
[debug] [38;5;16m[AppiumDriver@f6bf][0m Responding to client with driver.deleteSession() result: null
[38;5;0m[HTTP][0m [37m<-- DELETE /session/b73ebad1-b33f-4c68-863a-7530ed486c1c [39m[32m200[39m [90m361 ms - 14[39m
[38;5;0m[HTTP][0m [90m[39m
